<?xml version="1.0" encoding="UTF-8"?>
<testng-results skipped="0" failed="0" total="1" passed="1">
  <reporter-output>
  </reporter-output>
  <suite name="Default suite" duration-ms="29" started-at="2019-05-15T04:04:08Z" finished-at="2019-05-15T04:04:08Z">
    <groups>
    </groups>
    <test name="Default test" duration-ms="29" started-at="2019-05-15T04:04:08Z" finished-at="2019-05-15T04:04:08Z">
      <class name="day20190515.TestReadRegisterMsg">
        <test-method status="PASS" signature="f()[pri:0, instance:day20190515.TestReadRegisterMsg@629f0666]" name="f" duration-ms="14" started-at="2019-05-15T12:04:08Z" finished-at="2019-05-15T12:04:08Z">
          <reporter-output>
          </reporter-output>
        </test-method> <!-- f -->
      </class> <!-- day20190515.TestReadRegisterMsg -->
    </test> <!-- Default test -->
  </suite> <!-- Default suite -->
</testng-results>
